C:\PROJECTS\EXER\C\LAMCAPI\DEBUG\LAMCAPI.EXE
C:\PROJECTS\EXER\C\LAMCAPI\DEBUG\LAMCAPI.ILK
C:\PROJECTS\EXER\C\LAMCAPI\DEBUG\LAMCAPI.PDB
C:\Projects\exer\C\LamCAPI\LamCAPI\Debug\cl.command.1.tlog
C:\Projects\exer\C\LamCAPI\LamCAPI\Debug\CL.read.1.tlog
C:\Projects\exer\C\LamCAPI\LamCAPI\Debug\CL.write.1.tlog
C:\PROJECTS\EXER\C\LAMCAPI\LAMCAPI\DEBUG\LAMCAPI.EXE.INTERMEDIATE.MANIFEST
C:\Projects\exer\C\LamCAPI\LamCAPI\Debug\LamCAPI.write.1.tlog
C:\Projects\exer\C\LamCAPI\LamCAPI\Debug\link.command.1.tlog
C:\Projects\exer\C\LamCAPI\LamCAPI\Debug\link.read.1.tlog
C:\Projects\exer\C\LamCAPI\LamCAPI\Debug\link.write.1.tlog
C:\PROJECTS\EXER\C\LAMCAPI\LAMCAPI\DEBUG\MAIN.OBJ
C:\Projects\exer\C\LamCAPI\LamCAPI\Debug\mt.command.1.tlog
C:\Projects\exer\C\LamCAPI\LamCAPI\Debug\mt.read.1.tlog
C:\Projects\exer\C\LamCAPI\LamCAPI\Debug\mt.write.1.tlog
C:\PROJECTS\EXER\C\LAMCAPI\LAMCAPI\DEBUG\MYARRAY.OBJ
C:\PROJECTS\EXER\C\LAMCAPI\LAMCAPI\DEBUG\MYLINKDEDLIST.OBJ
C:\PROJECTS\EXER\C\LAMCAPI\LAMCAPI\DEBUG\MYSTRUCT.OBJ
C:\PROJECTS\EXER\C\LAMCAPI\LAMCAPI\DEBUG\MYTEST.OBJ
C:\PROJECTS\EXER\C\LAMCAPI\LAMCAPI\DEBUG\TEXTIO.OBJ
C:\Projects\exer\C\LamCAPI\LamCAPI\Debug\vc100.idb
C:\PROJECTS\EXER\C\LAMCAPI\LAMCAPI\DEBUG\VC100.PDB
